I2021-05-07 21:03:36.501 2140 Udp Bind Error
W2021-05-07 21:03:36.501 2140 Setup Cmd connection failed! SrcIP = , SrcPort = 28000
I2021-05-07 21:03:36.501 2140 Close()
I2021-05-07 21:06:05.259 2140 Udp Bind Error
W2021-05-07 21:06:05.259 2140 Setup Cmd connection failed! SrcIP = , SrcPort = 28000
I2021-05-07 21:06:05.259 2140 Close()
I2021-05-07 21:07:42.916 2140 Udp Bind Error
W2021-05-07 21:07:42.916 2140 Setup Cmd connection failed! SrcIP = , SrcPort = 28000
I2021-05-07 21:07:42.916 2140 Close()
I2021-05-07 21:07:59.864 2140 Udp Bind Error
W2021-05-07 21:07:59.864 2140 Setup Cmd connection failed! SrcIP = , SrcPort = 28000
I2021-05-07 21:07:59.864 2140 Close()
I2021-05-07 21:11:08.713 2140 Udp Bind Error
W2021-05-07 21:11:08.713 2140 Setup Cmd connection failed! SrcIP = , SrcPort = 28000
I2021-05-07 21:11:08.713 2140 Close()
I2021-05-07 21:11:18.187 219c Close()
I2021-05-07 21:11:18.297 219c Close()
A2021-05-07 21:11:30.734 1a8c Setup Cmd connection succeed! SrcIP = , SrcPort = 28000, DestIP = 192.168.1.8, DestPort = 27888
A2021-05-07 21:11:30.734 1a8c OnUdpchannelstateChanged state = 4(1:Break 2:Not_connect 4:Ok)
A2021-05-07 21:11:32.703 1a8c Setup Tcp connection succeed! DestIP = 192.168.1.8, DestPort = 27999
A2021-05-07 21:11:32.703 1a8c OnTcpchannelstateChanged state = OK
I2021-05-07 21:19:27.428 d3c Close()
I2021-05-07 21:19:27.428 1f78 Tcp io service started
A2021-05-07 21:19:27.428 d3c OnTcpchannelstateChanged state = Unknown, tcp closed.
I2021-05-07 21:19:27.428 2ba8 Udp io service started
A2021-05-07 21:19:27.428 d3c OnUdpchannelstateChanged state = 1(1:Break 2:Not_connect 4:Ok)
I2021-05-07 21:19:27.538 d3c Close()
I2021-05-07 21:45:12.963 1c84 Udp Bind Error
W2021-05-07 21:45:12.964 1c84 Setup Cmd connection failed! SrcIP = , SrcPort = 28000
I2021-05-07 21:45:12.964 1c84 Close()
I2021-05-07 21:45:23.064 720 Close()
I2021-05-07 21:45:23.176 720 Close()
I2021-05-07 21:54:00.728 70c Udp Bind Error
W2021-05-07 21:54:00.728 70c Setup Cmd connection failed! SrcIP = , SrcPort = 28000
I2021-05-07 21:54:00.728 70c Close()
I2021-05-07 21:54:07.932 123c Close()
I2021-05-07 21:54:08.041 123c Close()
A2021-05-07 21:55:14.372 26c0 Setup Cmd connection succeed! SrcIP = , SrcPort = 28000, DestIP = 192.168.1.8, DestPort = 27888
A2021-05-07 21:55:14.373 26c0 OnUdpchannelstateChanged state = 4(1:Break 2:Not_connect 4:Ok)
I2021-05-07 21:55:35.416 26c0 Tcp Connect Error
W2021-05-07 21:55:35.416 26c0 Setup Tcp connection failed! DestIP = 192.168.1.8, DestPort = 27999
I2021-05-07 21:55:56.458 26c0 Tcp Connect Error
W2021-05-07 21:55:56.458 26c0 Setup Tcp connection failed! DestIP = 192.168.1.8, DestPort = 27999
I2021-05-07 21:56:17.497 26c0 Tcp Connect Error
W2021-05-07 21:56:17.498 26c0 Setup Tcp connection failed! DestIP = 192.168.1.8, DestPort = 27999
I2021-05-07 21:56:38.541 26c0 Tcp Connect Error
W2021-05-07 21:56:38.541 26c0 Setup Tcp connection failed! DestIP = 192.168.1.8, DestPort = 27999
I2021-05-07 21:56:38.541 26c0 Close()
I2021-05-07 21:56:38.541 2e18 Udp io service started
A2021-05-07 21:56:38.542 26c0 OnUdpchannelstateChanged state = 1(1:Break 2:Not_connect 4:Ok)
A2021-05-07 21:58:45.082 26c0 Setup Cmd connection succeed! SrcIP = , SrcPort = 28000, DestIP = 192.168.1.8, DestPort = 27888
A2021-05-07 21:58:45.083 26c0 OnUdpchannelstateChanged state = 4(1:Break 2:Not_connect 4:Ok)
A2021-05-07 21:58:45.283 26c0 Setup Tcp connection succeed! DestIP = 192.168.1.8, DestPort = 27999
A2021-05-07 21:58:45.283 26c0 OnTcpchannelstateChanged state = OK
I2021-05-07 21:58:55.021 19e8 Close()
I2021-05-07 21:58:55.021 eac Tcp io service started
A2021-05-07 21:58:55.021 19e8 OnTcpchannelstateChanged state = Unknown, tcp closed.
I2021-05-07 21:58:55.021 24f4 Udp io service started
A2021-05-07 21:58:55.022 19e8 OnUdpchannelstateChanged state = 1(1:Break 2:Not_connect 4:Ok)
I2021-05-07 21:58:55.135 19e8 Close()
A2021-05-07 22:20:38.089 2868 Setup Cmd connection succeed! SrcIP = , SrcPort = 28000, DestIP = 192.168.1.8, DestPort = 27888
A2021-05-07 22:20:38.090 2868 OnUdpchannelstateChanged state = 4(1:Break 2:Not_connect 4:Ok)
A2021-05-07 22:20:38.157 2868 Setup Tcp connection succeed! DestIP = 192.168.1.8, DestPort = 27999
A2021-05-07 22:20:38.158 2868 OnTcpchannelstateChanged state = OK
I2021-05-07 22:20:44.168 2868 Close()
I2021-05-07 22:20:44.168 668 Tcp io service started
A2021-05-07 22:20:44.171 2868 OnTcpchannelstateChanged state = Unknown, tcp closed.
I2021-05-07 22:20:44.172 21d8 Udp io service started
A2021-05-07 22:20:44.174 2868 OnUdpchannelstateChanged state = 1(1:Break 2:Not_connect 4:Ok)
I2021-05-07 22:20:44.175 2868 AbortAcquire
A2021-05-07 22:20:44.180 2868 OnTcpchannelstateChanged state = OK
A2021-05-07 22:20:44.181 2868 OnUdpchannelstateChanged state = 4(1:Break 2:Not_connect 4:Ok)
A2021-05-07 22:20:46.175 2868 Setup Cmd connection succeed! SrcIP = 192.168.1.103, SrcPort = 28000, DestIP = 192.168.1.8, DestPort = 27888
A2021-05-07 22:20:46.175 2868 OnUdpchannelstateChanged state = 4(1:Break 2:Not_connect 4:Ok)
A2021-05-07 22:20:46.355 2868 Setup Tcp connection succeed! DestIP = 192.168.1.8, DestPort = 27999
A2021-05-07 22:20:46.355 2868 OnTcpchannelstateChanged state = OK
I2021-05-07 22:22:25.355 1d8 Close()
I2021-05-07 22:22:25.355 2cb4 Tcp io service started
I2021-05-07 22:22:25.355 dd8 Tcp io service started
A2021-05-07 22:22:25.355 1d8 OnTcpchannelstateChanged state = Unknown, tcp closed.
I2021-05-07 22:22:25.355 25f0 Udp io service started
I2021-05-07 22:22:25.355 2a84 Udp io service started
A2021-05-07 22:22:25.356 1d8 OnUdpchannelstateChanged state = 1(1:Break 2:Not_connect 4:Ok)
I2021-05-07 22:22:25.467 1d8 Close()
A2021-05-07 22:25:20.561 13a4 Setup Cmd connection succeed! SrcIP = , SrcPort = 28000, DestIP = 192.168.1.8, DestPort = 27888
A2021-05-07 22:25:20.562 13a4 OnUdpchannelstateChanged state = 4(1:Break 2:Not_connect 4:Ok)
A2021-05-07 22:25:20.565 13a4 Setup Tcp connection succeed! DestIP = 192.168.1.8, DestPort = 27999
A2021-05-07 22:25:20.565 13a4 OnTcpchannelstateChanged state = OK
I2021-05-07 22:28:45.586 2dd8 Close()
I2021-05-07 22:28:45.586 2460 Tcp io service started
A2021-05-07 22:28:45.586 2dd8 OnTcpchannelstateChanged state = Unknown, tcp closed.
I2021-05-07 22:28:45.587 2210 Udp io service started
A2021-05-07 22:28:45.587 2dd8 OnUdpchannelstateChanged state = 1(1:Break 2:Not_connect 4:Ok)
I2021-05-07 22:28:45.700 2dd8 Close()
A2021-05-07 22:36:10.222 2ce0 Setup Cmd connection succeed! SrcIP = , SrcPort = 28000, DestIP = 192.168.1.8, DestPort = 27888
A2021-05-07 22:36:10.222 2ce0 OnUdpchannelstateChanged state = 4(1:Break 2:Not_connect 4:Ok)
A2021-05-07 22:36:10.404 2ce0 Setup Tcp connection succeed! DestIP = 192.168.1.8, DestPort = 27999
A2021-05-07 22:36:10.404 2ce0 OnTcpchannelstateChanged state = OK
I2021-05-07 22:36:16.431 2ce0 Close()
I2021-05-07 22:36:16.431 2908 Tcp io service started
A2021-05-07 22:36:16.433 2ce0 OnTcpchannelstateChanged state = Unknown, tcp closed.
I2021-05-07 22:36:16.433 2bdc Udp io service started
A2021-05-07 22:36:16.435 2ce0 OnUdpchannelstateChanged state = 1(1:Break 2:Not_connect 4:Ok)
I2021-05-07 22:36:16.436 2ce0 AbortAcquire
A2021-05-07 22:36:16.455 2ce0 OnTcpchannelstateChanged state = OK
A2021-05-07 22:36:16.457 2ce0 OnUdpchannelstateChanged state = 4(1:Break 2:Not_connect 4:Ok)
A2021-05-07 22:36:30.706 2ce0 Setup Cmd connection succeed! SrcIP = 192.168.1.103, SrcPort = 28000, DestIP = 192.168.1.8, DestPort = 27888
A2021-05-07 22:36:30.706 2ce0 OnUdpchannelstateChanged state = 4(1:Break 2:Not_connect 4:Ok)
A2021-05-07 22:36:30.904 2ce0 Setup Tcp connection succeed! DestIP = 192.168.1.8, DestPort = 27999
A2021-05-07 22:36:30.905 2ce0 OnTcpchannelstateChanged state = OK
